<?xml version="1.0" encoding="UTF-8"?>
<!-- Generated by org.testng.reporters.JUnitReportReporter -->
<testsuite hostname="Mypc" name="testng.UserRegTest" tests="1" failures="0" timestamp="23 Nov 2016 10:06:46 GMT" time="8.658" errors="0">
  <testcase name="org_Userreg" time="8.658" classname="testng.UserRegTest"/>
</testsuite> <!-- testng.UserRegTest -->
