<?xml version="1.0" encoding="UTF-8"?>
<!-- Generated by org.testng.reporters.JUnitReportReporter -->
<testsuite hostname="Mypc" name="testng.DataProviderEG" tests="3" failures="0" timestamp="23 Nov 2016 10:26:55 GMT" time="36.943" errors="0">
  <testcase name="test" time="8.836" classname="testng.DataProviderEG"/>
  <testcase name="test" time="9.410" classname="testng.DataProviderEG"/>
  <testcase name="test" time="18.697" classname="testng.DataProviderEG"/>
</testsuite> <!-- testng.DataProviderEG -->
