<?xml version="1.0" encoding="UTF-8"?>
<!-- Generated by org.testng.reporters.JUnitReportReporter -->
<testsuite hostname="Mypc" name="driverScripts.Keyword" tests="1" failures="0" timestamp="24 Nov 2016 10:17:09 GMT" time="77.865" errors="0">
  <testcase name="key_Driver" time="77.865" classname="driverScripts.Keyword"/>
</testsuite> <!-- driverScripts.Keyword -->
