<?xml version="1.0" encoding="UTF-8"?>
<!-- Generated by org.testng.reporters.JUnitReportReporter -->
<testsuite hostname="Mypc" name="pom.LoginTC" tests="1" failures="0" timestamp="28 Nov 2016 10:16:02 GMT" time="14.064" errors="0">
  <testcase name="org_Login" time="14.064" classname="pom.LoginTC"/>
</testsuite> <!-- pom.LoginTC -->
