<?xml version="1.0" encoding="UTF-8"?>
<!-- Generated by org.testng.reporters.JUnitReportReporter -->
<testsuite hostname="Mypc" name="testng.PrimusLoginTC" tests="1" failures="0" timestamp="22 Nov 2016 10:27:16 GMT" time="6.215" errors="0">
  <testcase name="App_Login" time="6.215" classname="testng.PrimusLoginTC"/>
</testsuite> <!-- testng.PrimusLoginTC -->
