<?xml version="1.0" encoding="UTF-8"?>
<!-- Generated by org.testng.reporters.JUnitReportReporter -->
<testsuite hostname="Mypc" name="testng.EmpregTest" tests="1" failures="0" timestamp="23 Nov 2016 10:06:46 GMT" time="6.113" errors="0">
  <testcase name="org_empreg" time="6.113" classname="testng.EmpregTest"/>
</testsuite> <!-- testng.EmpregTest -->
