<?xml version="1.0" encoding="UTF-8"?>
<!-- Generated by org.testng.reporters.JUnitReportReporter -->
<testsuite hostname="Mypc" name="testng.BasicAnnotations" tests="3" failures="0" timestamp="22 Nov 2016 10:10:04 GMT" time="0.064" errors="0">
  <testcase name="a" time="0.026" classname="testng.BasicAnnotations"/>
  <testcase name="function1" time="0.027" classname="testng.BasicAnnotations"/>
  <testcase name="function2" time="0.011" classname="testng.BasicAnnotations"/>
</testsuite> <!-- testng.BasicAnnotations -->
