<?xml version="1.0" encoding="UTF-8"?>
<!-- Generated by org.testng.reporters.JUnitReportReporter -->
<testsuite hostname="Mypc" name="grid.GridEg1" tests="2" failures="0" timestamp="30 Nov 2016 10:16:57 GMT" time="62.867" errors="0">
  <testcase name="test" time="24.325" classname="grid.GridEg1"/>
  <testcase name="test" time="38.542" classname="grid.GridEg1"/>
</testsuite> <!-- grid.GridEg1 -->
