<?xml version="1.0" encoding="UTF-8"?>
<!-- Generated by org.testng.reporters.JUnitReportReporter -->
<testsuite hostname="Mypc" name="driverScripts.Hybrid" tests="1" failures="0" timestamp="24 Nov 2016 10:26:27 GMT" time="54.914" errors="0">
  <testcase name="Hybrid_Driver" time="54.914" classname="driverScripts.Hybrid"/>
</testsuite> <!-- driverScripts.Hybrid -->
